C51 COMPILER V9.53.0.0   MIAN                                                              05/13/2019 15:35:15 PAGE 1   


C51 COMPILER V9.53.0.0, COMPILATION OF MODULE MIAN
OBJECT MODULE PLACED IN .\Objects\mian.obj
COMPILER INVOKED BY: C:\Keil_v5\C51\BIN\C51.EXE src\mian.c LARGE OPTIMIZE(6,SPEED) BROWSE INCDIR(.\app;.\dev;.\os;.\inc)
                    - DEFINE(LOG,LIGHT) DEBUG OBJECTEXTEND PRINT(.\Listings\mian.lst) TABS(2) OBJECT(.\Objects\mian.obj)

line level    source

   1          
   2          #define ALLOCATE_EXTERN
   3          #include "HC89S003F4.h"
   4          #include "network_conf.h"
   5          #include "netstack_app.h"
   6          
   7          #include "system.h"
   8          #include <string.h>
   9          #include "os.h"
  10          #include "spi.h"
  11          
  12          
  13          
  14          
  15          //NET_PDU pdu; 
  16          void main()
  17          {
  18   1        system_init(); //系统初始化
  19   1        spi_init();   //SPI初始化
  20   1        phy_init();  //物理层初始化
  21   1        os_init();    //OS初始化
  22   1        mac_init();  //MAC层初始化
  23   1        net_init();  //网络层初始化
  24   1        app_init();  //应用层初始化
  25   1        wdt_init();   //看门狗初始化
  26   1        
  27   1        while(1){
  28   2          WDTC |= 0x10;    //清狗
  29   2          mac_process();
  30   2          os_task_remark(); //任务更新
  31   2          os_task_process();//任务进程
  32   2          app_process();
  33   2      
  34   2        
  35   2        }
  36   1          
  37   1      }
  38          


MODULE INFORMATION:   STATIC OVERLAYABLE
   CODE SIZE        =     42    ----
   CONSTANT SIZE    =   ----    ----
   XDATA SIZE       =   ----    ----
   PDATA SIZE       =   ----    ----
   DATA SIZE        =   ----    ----
   IDATA SIZE       =   ----    ----
   BIT SIZE         =   ----    ----
END OF MODULE INFORMATION.


C51 COMPILATION COMPLETE.  0 WARNING(S),  0 ERROR(S)
